Using pre-set license
Built from '2022.3/staging' branch; Version is '2022.3.9f1 (ea401c316338) revision 15351836'; Using compiler version '192829333'; Build Type 'Release'
OS: 'Windows 11  (10.0.22631) 64bit Core' Language: 'en' Physical Memory: 16111 MB
BatchMode: 1, IsHumanControllingUs: 0, StartBugReporterOnCrash: 0, Is64bit: 1, IsPro: 1

COMMAND LINE ARGUMENTS:
C:\Program Files\Unity\Hub\Editor\2022.3.9f1\Editor\Unity.exe
-adb2
-batchMode
-noUpm
-name
AssetImportWorker1
-projectPath
C:/Users/itpre/code_projects/uni_projects/cs4490z/NPC_Thesis
-logFile
Logs/AssetImportWorker1.log
-srvPort
60888
Successfully changed project path to: C:/Users/itpre/code_projects/uni_projects/cs4490z/NPC_Thesis
C:/Users/itpre/code_projects/uni_projects/cs4490z/NPC_Thesis
[UnityMemory] Configuration Parameters - Can be set up in boot.config
    "memorysetup-bucket-allocator-granularity=16"
    "memorysetup-bucket-allocator-bucket-count=8"
    "memorysetup-bucket-allocator-block-size=33554432"
    "memorysetup-bucket-allocator-block-count=8"
    "memorysetup-main-allocator-block-size=16777216"
    "memorysetup-thread-allocator-block-size=16777216"
    "memorysetup-gfx-main-allocator-block-size=16777216"
    "memorysetup-gfx-thread-allocator-block-size=16777216"
    "memorysetup-cache-allocator-block-size=4194304"
    "memorysetup-typetree-allocator-block-size=2097152"
    "memorysetup-profiler-bucket-allocator-granularity=16"
    "memorysetup-profiler-bucket-allocator-bucket-count=8"
    "memorysetup-profiler-bucket-allocator-block-size=33554432"
    "memorysetup-profiler-bucket-allocator-block-count=8"
    "memorysetup-profiler-allocator-block-size=16777216"
    "memorysetup-profiler-editor-allocator-block-size=1048576"
    "memorysetup-temp-allocator-size-main=16777216"
    "memorysetup-job-temp-allocator-block-size=2097152"
    "memorysetup-job-temp-allocator-block-size-background=1048576"
    "memorysetup-job-temp-allocator-reduction-small-platforms=262144"
    "memorysetup-allocator-temp-initial-block-size-main=262144"
    "memorysetup-allocator-temp-initial-block-size-worker=262144"
    "memorysetup-temp-allocator-size-background-worker=32768"
    "memorysetup-temp-allocator-size-job-worker=262144"
    "memorysetup-temp-allocator-size-preload-manager=33554432"
    "memorysetup-temp-allocator-size-nav-mesh-worker=65536"
    "memorysetup-temp-allocator-size-audio-worker=65536"
    "memorysetup-temp-allocator-size-cloud-worker=32768"
    "memorysetup-temp-allocator-size-gi-baking-worker=262144"
    "memorysetup-temp-allocator-size-gfx=262144"
Player connection [1816] Host "[IP] 172.27.80.1 [Port] 0 [Flags] 2 [Guid] 554482778 [EditorId] 554482778 [Version] 1048832 [Id] WindowsEditor(7,ITPC-XPS) [Debug] 1 [PackageName] WindowsEditor [ProjectName] Editor" joined multi-casting on [225.0.0.222:54997]...

Player connection [1816] Host "[IP] 172.27.80.1 [Port] 0 [Flags] 2 [Guid] 554482778 [EditorId] 554482778 [Version] 1048832 [Id] WindowsEditor(7,ITPC-XPS) [Debug] 1 [PackageName] WindowsEditor [ProjectName] Editor" joined alternative multi-casting on [225.0.0.222:34997]...

[Physics::Module] Initialized MultithreadedJobDispatcher with 11 workers.
Refreshing native plugins compatible for Editor in 13.70 ms, found 3 plugins.
Preloading 0 native plugins for Editor in 0.00 ms.
Initialize engine version: 2022.3.9f1 (ea401c316338)
[Subsystems] Discovering subsystems at path C:/Program Files/Unity/Hub/Editor/2022.3.9f1/Editor/Data/Resources/UnitySubsystems
[Subsystems] Discovering subsystems at path C:/Users/itpre/code_projects/uni_projects/cs4490z/NPC_Thesis/Assets
GfxDevice: creating device client; threaded=0; jobified=0
Direct3D:
    Version:  Direct3D 11.0 [level 11.1]
    Renderer: NVIDIA GeForce GTX 1650 (ID=0x1f91)
    Vendor:   NVIDIA
    VRAM:     3953 MB
    Driver:   31.0.15.4609
Initialize mono
Mono path[0] = 'C:/Program Files/Unity/Hub/Editor/2022.3.9f1/Editor/Data/Managed'
Mono path[1] = 'C:/Program Files/Unity/Hub/Editor/2022.3.9f1/Editor/Data/MonoBleedingEdge/lib/mono/unityjit-win32'
Mono config path = 'C:/Program Files/Unity/Hub/Editor/2022.3.9f1/Editor/Data/MonoBleedingEdge/etc'
Using monoOptions --debugger-agent=transport=dt_socket,embedding=1,server=y,suspend=n,address=127.0.0.1:56940
Begin MonoManager ReloadAssembly
Registering precompiled unity dll's ...
Register platform support module: C:/Program Files/Unity/Hub/Editor/2022.3.9f1/Editor/Data/PlaybackEngines/WindowsStandaloneSupport/UnityEditor.WindowsStandalone.Extensions.dll
Registered in 0.013308 seconds.
- Loaded All Assemblies, in  0.492 seconds
Native extension for WindowsStandalone target not found
Mono: successfully reloaded assembly
- Finished resetting the current domain, in  0.292 seconds
Domain Reload Profiling: 780ms
	BeginReloadAssembly (178ms)
		ExecutionOrderSort (0ms)
		DisableScriptedObjects (0ms)
		BackupInstance (0ms)
		ReleaseScriptingObjects (0ms)
		CreateAndSetChildDomain (1ms)
	RebuildCommonClasses (41ms)
	RebuildNativeTypeToScriptingClass (12ms)
	initialDomainReloadingComplete (77ms)
	LoadAllAssembliesAndSetupDomain (179ms)
		LoadAssemblies (172ms)
		RebuildTransferFunctionScriptingTraits (0ms)
		AnalyzeDomain (177ms)
			TypeCache.Refresh (175ms)
				TypeCache.ScanAssembly (160ms)
			ScanForSourceGeneratedMonoScriptInfo (0ms)
			ResolveRequiredComponents (1ms)
	FinalizeReload (293ms)
		ReleaseScriptCaches (0ms)
		RebuildScriptCaches (0ms)
		SetupLoadedEditorAssemblies (223ms)
			LogAssemblyErrors (0ms)
			InitializePlatformSupportModulesInManaged (12ms)
			SetLoadedEditorAssemblies (9ms)
			RefreshPlugins (0ms)
			BeforeProcessingInitializeOnLoad (2ms)
			ProcessInitializeOnLoadAttributes (145ms)
			ProcessInitializeOnLoadMethodAttributes (55ms)
			AfterProcessingInitializeOnLoad (0ms)
			EditorAssembliesLoaded (0ms)
		ExecutionOrderSort2 (0ms)
		AwakeInstancesAfterBackupRestoration (0ms)
========================================================================
Worker process is ready to serve import requests
Begin MonoManager ReloadAssembly
- Loaded All Assemblies, in  0.760 seconds
Refreshing native plugins compatible for Editor in 5.89 ms, found 3 plugins.
Native extension for WindowsStandalone target not found
Package Manager log level set to [2]
[Package Manager] Server::EnsureServerProcessIsRunning -- launch failed, reason: Unity was launched with the -noUpm command-line argument
[Package Manager] UpmClient::Send -- Unable to send message (not connected to UPM process).
[Package Manager] Cannot connect to Unity Package Manager local server
Mono: successfully reloaded assembly
- Finished resetting the current domain, in  0.653 seconds
Domain Reload Profiling: 1406ms
	BeginReloadAssembly (172ms)
		ExecutionOrderSort (0ms)
		DisableScriptedObjects (6ms)
		BackupInstance (0ms)
		ReleaseScriptingObjects (0ms)
		CreateAndSetChildDomain (21ms)
	RebuildCommonClasses (38ms)
	RebuildNativeTypeToScriptingClass (12ms)
	initialDomainReloadingComplete (59ms)
	LoadAllAssembliesAndSetupDomain (472ms)
		LoadAssemblies (347ms)
		RebuildTransferFunctionScriptingTraits (0ms)
		AnalyzeDomain (228ms)
			TypeCache.Refresh (206ms)
				TypeCache.ScanAssembly (179ms)
			ScanForSourceGeneratedMonoScriptInfo (15ms)
			ResolveRequiredComponents (5ms)
	FinalizeReload (653ms)
		ReleaseScriptCaches (0ms)
		RebuildScriptCaches (0ms)
		SetupLoadedEditorAssemblies (461ms)
			LogAssemblyErrors (0ms)
			InitializePlatformSupportModulesInManaged (8ms)
			SetLoadedEditorAssemblies (3ms)
			RefreshPlugins (0ms)
			BeforeProcessingInitializeOnLoad (73ms)
			ProcessInitializeOnLoadAttributes (340ms)
			ProcessInitializeOnLoadMethodAttributes (21ms)
			AfterProcessingInitializeOnLoad (15ms)
			EditorAssembliesLoaded (0ms)
		ExecutionOrderSort2 (0ms)
		AwakeInstancesAfterBackupRestoration (9ms)
Launched and connected shader compiler UnityShaderCompiler.exe after 0.06 seconds
Refreshing native plugins compatible for Editor in 6.40 ms, found 3 plugins.
Preloading 0 native plugins for Editor in 0.00 ms.
Unloading 3082 Unused Serialized files (Serialized files now loaded: 0)
Unloading 31 unused Assets / (56.4 KB). Loaded Objects now: 3546.
Memory consumption went from 114.8 MB to 114.8 MB.
Total: 3.336000 ms (FindLiveObjects: 0.249600 ms CreateObjectMapping: 0.204200 ms MarkObjects: 2.790000 ms  DeleteObjects: 0.091500 ms)

AssetImportParameters requested are different than current active one (requested -> active):
  custom:container-demuxer-ogg: 62fdf1f143b41e24485cea50d1cbac27 -> 
  custom:video-codec-MediaFoundation-h265: 746d11721c4dcdbdad8f713fa42b33f4 -> 
  custom:video-decoder-ogg-theora: a1e56fd34408186e4bbccfd4996cb3dc -> 
  custom:framework-win-MediaFoundation: 216162199b28c13a410421893ffa2e32 -> 
  custom:CustomObjectIndexerAttribute: 756ad292c208cfabdd7b50bc23989ffe -> 
  custom:container-demuxer-webm: 4f35f7cbe854078d1ac9338744f61a02 -> 
  custom:container-muxer-webm: aa71ff27fc2769a1b78a27578f13a17b -> 
  custom:video-decoder-webm-vp8: 9c59270c3fd7afecdb556c50c9e8de78 -> 
  custom:SearchIndexIgnoredProperties: e643bd26f0fe6173181afceb89e7c659 -> 
  custom:AudioImporter_EditorPlatform: d09bf68614088b80899f8185d706f6e7 -> 
  custom:video-encoder-webm-vp8: eb34c28f22e8b96e1ab97ce403110664 -> 
  custom:audio-decoder-ogg-vorbis: bf7c407c2cedff20999df2af8eb42d56 -> 
  custom:audio-encoder-webm-vorbis: bf7c407c2cedff20999df2af8eb42d56 -> 
========================================================================
Received Import Request.
  Time since last request: 489440.180606 seconds.
  path: Assets/sleepers/mats
  artifactKey: Guid(7711f5d16318ae74e9d478662143e805) Importer(815301076,1909f56bfc062723c751e8b465ee728b)
Start importing Assets/sleepers/mats using Guid(7711f5d16318ae74e9d478662143e805) Importer(815301076,1909f56bfc062723c751e8b465ee728b)  -> (artifact id: '36ab7f307a216ff015452924d3b4b7f1') in 0.002551 seconds
Number of updated asset objects reloaded before import = 0
Number of asset objects unloaded after import = 0
========================================================================
Received Import Request.
  Time since last request: 0.000054 seconds.
  path: Assets/sleepers
  artifactKey: Guid(103e67e8dd3d62d40a1d2384e1b513d8) Importer(815301076,1909f56bfc062723c751e8b465ee728b)
Start importing Assets/sleepers using Guid(103e67e8dd3d62d40a1d2384e1b513d8) Importer(815301076,1909f56bfc062723c751e8b465ee728b)  -> (artifact id: '6b418906b52361bc5122ec226deceb78') in 0.000405 seconds
Number of updated asset objects reloaded before import = 0
Number of asset objects unloaded after import = 0
========================================================================
Received Import Request.
  Time since last request: 742.076516 seconds.
  path: Assets/sleepers/models/fbx/Hav_LOD_1.FBX
  artifactKey: Guid(b518a74301b86e147a2252d2ee888017) Importer(815301076,1909f56bfc062723c751e8b465ee728b)
Start importing Assets/sleepers/models/fbx/Hav_LOD_1.FBX using Guid(b518a74301b86e147a2252d2ee888017) Importer(815301076,1909f56bfc062723c751e8b465ee728b)  -> (artifact id: 'e0b7b5100e2475c0c0a468a609acca8c') in 0.330528 seconds
Number of updated asset objects reloaded before import = 0
Number of asset objects unloaded after import = 19
========================================================================
Received Import Request.
  Time since last request: 0.000024 seconds.
  path: Assets/sleepers/models/fbx/rail.FBX
  artifactKey: Guid(e4bee41dab8ddc84fb6e0d6221e8226e) Importer(815301076,1909f56bfc062723c751e8b465ee728b)
Start importing Assets/sleepers/models/fbx/rail.FBX using Guid(e4bee41dab8ddc84fb6e0d6221e8226e) Importer(815301076,1909f56bfc062723c751e8b465ee728b)  -> (artifact id: 'b2cf9c7016dcce5bc9ff28698033f26d') in 0.017275 seconds
Number of updated asset objects reloaded before import = 0
Number of asset objects unloaded after import = 11
========================================================================
Received Import Request.
  Time since last request: 0.000030 seconds.
  path: Assets/sleepers/models/fbx/LOD_1.FBX
  artifactKey: Guid(4496306d6bafa5d448eac8d6f173aa75) Importer(815301076,1909f56bfc062723c751e8b465ee728b)
Start importing Assets/sleepers/models/fbx/LOD_1.FBX using Guid(4496306d6bafa5d448eac8d6f173aa75) Importer(815301076,1909f56bfc062723c751e8b465ee728b)  -> (artifact id: 'dc58b778b12b13b1e6b824db9687c27c') in 0.041624 seconds
Number of updated asset objects reloaded before import = 0
Number of asset objects unloaded after import = 24
========================================================================
Received Import Request.
  Time since last request: 0.000060 seconds.
  path: Assets/sleepers/models/fbx/LOD_2.FBX
  artifactKey: Guid(2ab2acd64e25b8f479492478e148bb47) Importer(815301076,1909f56bfc062723c751e8b465ee728b)
Start importing Assets/sleepers/models/fbx/LOD_2.FBX using Guid(2ab2acd64e25b8f479492478e148bb47) Importer(815301076,1909f56bfc062723c751e8b465ee728b)  -> (artifact id: '218db6993cb24ccdad5908dd5e08d948') in 0.069264 seconds
Number of updated asset objects reloaded before import = 0
Number of asset objects unloaded after import = 40
========================================================================
Received Import Request.
  Time since last request: 7.046830 seconds.
  path: Assets/sleepers/Prefabs/FloorBlocks.prefab
  artifactKey: Guid(e9151b03259fcc049a8cd76143a51348) Importer(815301076,1909f56bfc062723c751e8b465ee728b)
Start importing Assets/sleepers/Prefabs/FloorBlocks.prefab using Guid(e9151b03259fcc049a8cd76143a51348) Importer(815301076,1909f56bfc062723c751e8b465ee728b)  -> (artifact id: '8e149f82badc95289e86a59b09ebdf6f') in 0.347712 seconds
Number of updated asset objects reloaded before import = 0
Number of asset objects unloaded after import = 253
========================================================================
Received Import Request.
  Time since last request: 2409.791605 seconds.
  path: Assets/sleepers/mats/gray.mat
  artifactKey: Guid(f3d3bbf3013b9ac4692fa510736a6f78) Importer(815301076,1909f56bfc062723c751e8b465ee728b)
Start importing Assets/sleepers/mats/gray.mat using Guid(f3d3bbf3013b9ac4692fa510736a6f78) Importer(815301076,1909f56bfc062723c751e8b465ee728b)  -> (artifact id: '012ff3f83681dbd099f3ada9e5cf276e') in 0.036933 seconds
Number of updated asset objects reloaded before import = 0
Number of asset objects unloaded after import = 1
========================================================================
Received Import Request.
  Time since last request: 0.000026 seconds.
  path: Assets/sleepers/mats/myPlanks4c.mat
  artifactKey: Guid(de34ef223168a5346b2bf29acbab9b95) Importer(815301076,1909f56bfc062723c751e8b465ee728b)
Start importing Assets/sleepers/mats/myPlanks4c.mat using Guid(de34ef223168a5346b2bf29acbab9b95) Importer(815301076,1909f56bfc062723c751e8b465ee728b)  -> (artifact id: '1aadae4190aa8a356ad4fde169cd54b2') in 0.015515 seconds
Number of updated asset objects reloaded before import = 0
Number of asset objects unloaded after import = 2
========================================================================
Received Import Request.
  Time since last request: 0.000040 seconds.
  path: Assets/sleepers/mats/Shpala_plaine 1.mat
  artifactKey: Guid(303275a6c2d81db4c9b635d3f0bdc774) Importer(815301076,1909f56bfc062723c751e8b465ee728b)
Start importing Assets/sleepers/mats/Shpala_plaine 1.mat using Guid(303275a6c2d81db4c9b635d3f0bdc774) Importer(815301076,1909f56bfc062723c751e8b465ee728b)  -> (artifact id: '2cbce4284ea4fbe2bad9cf8d1ac0e725') in 0.398888 seconds
Number of updated asset objects reloaded before import = 0
Number of asset objects unloaded after import = 2
Editor requested this worker to shutdown with reason: Scaling down because of idle timeout
TcpMessagingSession - receive error: operation aborted. errorcode: 995, details: The I/O operation has been aborted because of either a thread exit or an application request.
AssetImportWorker is now disconnected from the server
Process exiting
Exiting without the bug reporter. Application will terminate with return code 0